<?xml version="1.0" encoding="UTF-8"?>
<!-- Generated by org.testng.reporters.JUnitXMLReporter -->
<testsuite ignored="0" hostname="LAPTOP-NBCD1KMT" failures="0" tests="3" name="Default test" time="64.488" errors="0" timestamp="2023-09-11T17:29:32 IST">
  <testcase classname="Automation.TestCase" name="login" time="7.515"/>
  <testcase classname="Automation.TestCase" name="functional" time="38.578"/>
  <testcase classname="Automation.TestCase" name="regression" time="12.554"/>
</testsuite> <!-- Default test -->
