<?xml version="1.0" encoding="UTF-8"?>
<testng-results ignored="0" total="3" passed="3" failed="0" skipped="0">
  <reporter-output>
  </reporter-output>
  <suite started-at="2023-09-11T17:28:27 IST" name="Default suite" finished-at="2023-09-11T17:29:32 IST" duration-ms="64488">
    <groups>
    </groups>
    <test started-at="2023-09-11T17:28:27 IST" name="Default test" finished-at="2023-09-11T17:29:32 IST" duration-ms="64488">
      <class name="Automation.TestCase">
        <test-method is-config="true" signature="initialize()[pri:0, instance:Automation.TestCase@196a42c3]" started-at="2023-09-11T17:28:27 IST" name="initialize" finished-at="2023-09-11T17:28:33 IST" duration-ms="5737" status="PASS">
          <reporter-output>
          </reporter-output>
        </test-method> <!-- initialize -->
        <test-method signature="login()[pri:0, instance:Automation.TestCase@196a42c3]" started-at="2023-09-11T17:28:33 IST" name="login" finished-at="2023-09-11T17:28:41 IST" duration-ms="7515" status="PASS">
          <reporter-output>
          </reporter-output>
        </test-method> <!-- login -->
        <test-method signature="functional()[pri:1, instance:Automation.TestCase@196a42c3]" started-at="2023-09-11T17:28:41 IST" name="functional" finished-at="2023-09-11T17:29:19 IST" duration-ms="38578" status="PASS">
          <reporter-output>
          </reporter-output>
        </test-method> <!-- functional -->
        <test-method signature="regression()[pri:2, instance:Automation.TestCase@196a42c3]" started-at="2023-09-11T17:29:19 IST" name="regression" finished-at="2023-09-11T17:29:32 IST" duration-ms="12554" status="PASS">
          <reporter-output>
          </reporter-output>
        </test-method> <!-- regression -->
      </class> <!-- Automation.TestCase -->
    </test> <!-- Default test -->
  </suite> <!-- Default suite -->
</testng-results>
